# JRE version: OpenJDK Runtime Environment Temurin-21.0.9+10 (21.0.9+10) (build 21.0.9+10-LTS)
# Java VM: OpenJDK 64-Bit Server VM Temurin-21.0.9+10 (21.0.9+10-LTS, mixed mode, sharing, tiered, compressed oops, compressed class ptrs, parallel gc, bsd-amd64)
GC Precious Log:
 CardTable entry size: 512
 CPUs: 4 total, 4 available
 Memory: 8192M
 Large Page Support: Disabled
 NUMA Support: Disabled
 Compressed Oops: Enabled (Zero based)
 Alignments: Space 512K, Generation 512K, Heap 2M
 Heap Min Capacity: 100M
 Heap Initial Capacity: 100M
 Heap Max Capacity: 2G
 Pre-touch: Disabled
 Parallel Workers: 4
Heap:
 PSYoungGen      total 6656K, used 1698K [0x00000007d5580000, 0x00000007d5d00000, 0x0000000800000000)
  eden space 5632K, 25% used [0x00000007d5580000,0x00000007d56eca30,0x00000007d5b00000)
  from space 1024K, 23% used [0x00000007d5b80000,0x00000007d5bbc010,0x00000007d5c80000)
  to   space 512K, 0% used [0x00000007d5c80000,0x00000007d5c80000,0x00000007d5d00000)
 ParOldGen       total 111104K, used 110659K [0x0000000780000000, 0x0000000786c80000, 0x00000007d5580000)
  object space 111104K, 99% used [0x0000000780000000,0x0000000786c10fb0,0x0000000786c80000)
 Metaspace       used 78689K, committed 80256K, reserved 1179648K
  class space    used 8331K, committed 9024K, reserved 1048576K
GC Heap History (20 events):
Event: 964.454 GC heap before
{Heap before GC invocations=413 (full 5):
 PSYoungGen      total 6144K, used 5248K [0x00000007d5580000, 0x00000007d5c00000, 0x0000000800000000)
  eden space 5120K, 100% used [0x00000007d5580000,0x00000007d5a80000,0x00000007d5a80000)
  from space 1024K, 12% used [0x00000007d5a80000,0x00000007d5aa0000,0x00000007d5b80000)
  to   space 512K, 0% used [0x00000007d5b80000,0x00000007d5b80000,0x00000007d5c00000)
 ParOldGen       total 96256K, used 95879K [0x0000000780000000, 0x0000000785e00000, 0x00000007d5580000)
  object space 96256K, 99% used [0x0000000780000000,0x0000000785da1fa0,0x0000000785e00000)
 Metaspace       used 78623K, committed 80192K, reserved 1179648K
  class space    used 8331K, committed 9024K, reserved 1048576K
}
Event: 964.456 GC heap after
{Heap after GC invocations=413 (full 5):
 PSYoungGen      total 5120K, used 512K [0x00000007d5580000, 0x00000007d5d80000, 0x0000000800000000)
  eden space 4608K, 0% used [0x00000007d5580000,0x00000007d5580000,0x00000007d5a00000)
  from space 512K, 100% used [0x00000007d5b80000,0x00000007d5c00000,0x00000007d5c00000)
  to   space 1536K, 0% used [0x00000007d5a00000,0x00000007d5a00000,0x00000007d5b80000)
 ParOldGen       total 96768K, used 96636K [0x0000000780000000, 0x0000000785e80000, 0x00000007d5580000)
  object space 96768K, 99% used [0x0000000780000000,0x0000000785e5f388,0x0000000785e80000)
 Metaspace       used 78623K, committed 80192K, reserved 1179648K
  class space    used 8331K, committed 9024K, reserved 1048576K
}
Event: 964.600 GC heap before
{Heap before GC invocations=414 (full 5):
 PSYoungGen      total 5120K, used 5120K [0x00000007d5580000, 0x00000007d5d80000, 0x0000000800000000)
  eden space 4608K, 100% used [0x00000007d5580000,0x00000007d5a00000,0x00000007d5a00000)
  from space 512K, 100% used [0x00000007d5b80000,0x00000007d5c00000,0x00000007d5c00000)
  to   space 1536K, 0% used [0x00000007d5a00000,0x00000007d5a00000,0x00000007d5b80000)
 ParOldGen       total 96768K, used 96636K [0x0000000780000000, 0x0000000785e80000, 0x00000007d5580000)
  object space 96768K, 99% used [0x0000000780000000,0x0000000785e5f388,0x0000000785e80000)
 Metaspace       used 78623K, committed 80192K, reserved 1179648K
  class space    used 8331K, committed 9024K, reserved 1048576K
}
Event: 964.604 GC heap after
{Heap after GC invocations=414 (full 5):
 PSYoungGen      total 5120K, used 400K [0x00000007d5580000, 0x00000007d5c00000, 0x0000000800000000)
  eden space 4608K, 0% used [0x00000007d5580000,0x00000007d5580000,0x00000007d5a00000)
  from space 512K, 78% used [0x00000007d5a00000,0x00000007d5a64010,0x00000007d5a80000)
  to   space 1024K, 0% used [0x00000007d5b00000,0x00000007d5b00000,0x00000007d5c00000)
 ParOldGen       total 97280K, used 97131K [0x0000000780000000, 0x0000000785f00000, 0x00000007d5580000)
  object space 97280K, 99% used [0x0000000780000000,0x0000000785edadc0,0x0000000785f00000)
 Metaspace       used 78623K, committed 80192K, reserved 1179648K
  class space    used 8331K, committed 9024K, reserved 1048576K
}
Event: 966.195 GC heap before
{Heap before GC invocations=415 (full 5):
 PSYoungGen      total 5120K, used 5008K [0x00000007d5580000, 0x00000007d5c00000, 0x0000000800000000)
  eden space 4608K, 100% used [0x00000007d5580000,0x00000007d5a00000,0x00000007d5a00000)
  from space 512K, 78% used [0x00000007d5a00000,0x00000007d5a64010,0x00000007d5a80000)
  to   space 1024K, 0% used [0x00000007d5b00000,0x00000007d5b00000,0x00000007d5c00000)
 ParOldGen       total 97280K, used 97131K [0x0000000780000000, 0x0000000785f00000, 0x00000007d5580000)
  object space 97280K, 99% used [0x0000000780000000,0x0000000785edadc0,0x0000000785f00000)
 Metaspace       used 78643K, committed 80192K, reserved 1179648K
  class space    used 8331K, committed 9024K, reserved 1048576K
}
Event: 966.208 GC heap after
{Heap after GC invocations=415 (full 5):
 PSYoungGen      total 4608K, used 999K [0x00000007d5580000, 0x00000007d5e00000, 0x0000000800000000)
  eden space 3584K, 0% used [0x00000007d5580000,0x00000007d5580000,0x00000007d5900000)
  from space 1024K, 97% used [0x00000007d5b00000,0x00000007d5bf9f70,0x00000007d5c00000)
  to   space 2048K, 0% used [0x00000007d5900000,0x00000007d5900000,0x00000007d5b00000)
 ParOldGen       total 98304K, used 97850K [0x0000000780000000, 0x0000000786000000, 0x00000007d5580000)
  object space 98304K, 99% used [0x0000000780000000,0x0000000785f8ea18,0x0000000786000000)
 Metaspace       used 78643K, committed 80192K, reserved 1179648K
  class space    used 8331K, committed 9024K, reserved 1048576K
}
Event: 966.259 GC heap before
{Heap before GC invocations=416 (full 5):
 PSYoungGen      total 4608K, used 4583K [0x00000007d5580000, 0x00000007d5e00000, 0x0000000800000000)
  eden space 3584K, 100% used [0x00000007d5580000,0x00000007d5900000,0x00000007d5900000)
  from space 1024K, 97% used [0x00000007d5b00000,0x00000007d5bf9f70,0x00000007d5c00000)
  to   space 2048K, 0% used [0x00000007d5900000,0x00000007d5900000,0x00000007d5b00000)
 ParOldGen       total 98304K, used 97850K [0x0000000780000000, 0x0000000786000000, 0x00000007d5580000)
  object space 98304K, 99% used [0x0000000780000000,0x0000000785f8ea18,0x0000000786000000)
 Metaspace       used 78644K, committed 80192K, reserved 1179648K
  class space    used 8331K, committed 9024K, reserved 1048576K
}
Event: 966.268 GC heap after
{Heap after GC invocations=416 (full 5):
 PSYoungGen      total 5632K, used 2020K [0x00000007d5580000, 0x00000007d6200000, 0x0000000800000000)
  eden space 3584K, 0% used [0x00000007d5580000,0x00000007d5580000,0x00000007d5900000)
  from space 2048K, 98% used [0x00000007d5900000,0x00000007d5af9000,0x00000007d5b00000)
  to   space 4608K, 0% used [0x00000007d5d80000,0x00000007d5d80000,0x00000007d6200000)
 ParOldGen       total 100352K, used 99870K [0x0000000780000000, 0x0000000786200000, 0x00000007d5580000)
  object space 100352K, 99% used [0x0000000780000000,0x0000000786187998,0x0000000786200000)
 Metaspace       used 78644K, committed 80192K, reserved 1179648K
  class space    used 8331K, committed 9024K, reserved 1048576K
}
Event: 966.287 GC heap before
{Heap before GC invocations=417 (full 5):
 PSYoungGen      total 5632K, used 5455K [0x00000007d5580000, 0x00000007d6200000, 0x0000000800000000)
  eden space 3584K, 95% used [0x00000007d5580000,0x00000007d58dae88,0x00000007d5900000)
  from space 2048K, 98% used [0x00000007d5900000,0x00000007d5af9000,0x00000007d5b00000)
  to   space 4608K, 0% used [0x00000007d5d80000,0x00000007d5d80000,0x00000007d6200000)
 ParOldGen       total 100352K, used 99870K [0x0000000780000000, 0x0000000786200000, 0x00000007d5580000)
  object space 100352K, 99% used [0x0000000780000000,0x0000000786187998,0x0000000786200000)
 Metaspace       used 78644K, committed 80192K, reserved 1179648K
  class space    used 8331K, committed 9024K, reserved 1048576K
}
Event: 966.299 GC heap after
{Heap after GC invocations=417 (full 5):
 PSYoungGen      total 7168K, used 3252K [0x00000007d5580000, 0x00000007d6100000, 0x0000000800000000)
  eden space 3584K, 0% used [0x00000007d5580000,0x00000007d5580000,0x00000007d5900000)
  from space 3584K, 90% used [0x00000007d5d80000,0x00000007d60ad110,0x00000007d6100000)
  to   space 3584K, 0% used [0x00000007d5a00000,0x00000007d5a00000,0x00000007d5d80000)
 ParOldGen       total 102400K, used 101914K [0x0000000780000000, 0x0000000786400000, 0x00000007d5580000)
  object space 102400K, 99% used [0x0000000780000000,0x0000000786386998,0x0000000786400000)
 Metaspace       used 78644K, committed 80192K, reserved 1179648K
  class space    used 8331K, committed 9024K, reserved 1048576K
}
Event: 966.319 GC heap before
{Heap before GC invocations=418 (full 5):
 PSYoungGen      total 7168K, used 6604K [0x00000007d5580000, 0x00000007d6100000, 0x0000000800000000)
  eden space 3584K, 93% used [0x00000007d5580000,0x00000007d58c6148,0x00000007d5900000)
  from space 3584K, 90% used [0x00000007d5d80000,0x00000007d60ad110,0x00000007d6100000)
  to   space 3584K, 0% used [0x00000007d5a00000,0x00000007d5a00000,0x00000007d5d80000)
 ParOldGen       total 102400K, used 101914K [0x0000000780000000, 0x0000000786400000, 0x00000007d5580000)
  object space 102400K, 99% used [0x0000000780000000,0x0000000786386998,0x0000000786400000)
 Metaspace       used 78652K, committed 80256K, reserved 1179648K
  class space    used 8331K, committed 9024K, reserved 1048576K
}
Event: 966.323 GC heap after
{Heap after GC invocations=418 (full 5):
 PSYoungGen      total 6656K, used 3042K [0x00000007d5580000, 0x00000007d6000000, 0x0000000800000000)
  eden space 3584K, 0% used [0x00000007d5580000,0x00000007d5580000,0x00000007d5900000)
  from space 3072K, 99% used [0x00000007d5a00000,0x00000007d5cf8870,0x00000007d5d00000)
  to   space 3072K, 0% used [0x00000007d5d00000,0x00000007d5d00000,0x00000007d6000000)
 ParOldGen       total 105472K, used 104990K [0x0000000780000000, 0x0000000786700000, 0x00000007d5580000)
  object space 105472K, 99% used [0x0000000780000000,0x0000000786687aa8,0x0000000786700000)
 Metaspace       used 78652K, committed 80256K, reserved 1179648K
  class space    used 8331K, committed 9024K, reserved 1048576K
}
Event: 966.329 GC heap before
{Heap before GC invocations=419 (full 5):
 PSYoungGen      total 6656K, used 6626K [0x00000007d5580000, 0x00000007d6000000, 0x0000000800000000)
  eden space 3584K, 100% used [0x00000007d5580000,0x00000007d5900000,0x00000007d5900000)
  from space 3072K, 99% used [0x00000007d5a00000,0x00000007d5cf8870,0x00000007d5d00000)
  to   space 3072K, 0% used [0x00000007d5d00000,0x00000007d5d00000,0x00000007d6000000)
 ParOldGen       total 105472K, used 104990K [0x0000000780000000, 0x0000000786700000, 0x00000007d5580000)
  object space 105472K, 99% used [0x0000000780000000,0x0000000786687aa8,0x0000000786700000)
 Metaspace       used 78652K, committed 80256K, reserved 1179648K
  class space    used 8331K, committed 9024K, reserved 1048576K
}
Event: 966.332 GC heap after
{Heap after GC invocations=419 (full 5):
 PSYoungGen      total 6656K, used 1575K [0x00000007d5580000, 0x00000007d5f00000, 0x0000000800000000)
  eden space 4608K, 0% used [0x00000007d5580000,0x00000007d5580000,0x00000007d5a00000)
  from space 2048K, 76% used [0x00000007d5d00000,0x00000007d5e89e28,0x00000007d5f00000)
  to   space 2560K, 0% used [0x00000007d5a00000,0x00000007d5a00000,0x00000007d5c80000)
 ParOldGen       total 108032K, used 107975K [0x0000000780000000, 0x0000000786980000, 0x00000007d5580000)
  object space 108032K, 99% used [0x0000000780000000,0x0000000786971d18,0x0000000786980000)
 Metaspace       used 78652K, committed 80256K, reserved 1179648K
  class space    used 8331K, committed 9024K, reserved 1048576K
}
Event: 966.346 GC heap before
{Heap before GC invocations=420 (full 5):
 PSYoungGen      total 6656K, used 6183K [0x00000007d5580000, 0x00000007d5f00000, 0x0000000800000000)
  eden space 4608K, 99% used [0x00000007d5580000,0x00000007d59fffc8,0x00000007d5a00000)
  from space 2048K, 76% used [0x00000007d5d00000,0x00000007d5e89e28,0x00000007d5f00000)
  to   space 2560K, 0% used [0x00000007d5a00000,0x00000007d5a00000,0x00000007d5c80000)
 ParOldGen       total 108032K, used 107975K [0x0000000780000000, 0x0000000786980000, 0x00000007d5580000)
  object space 108032K, 99% used [0x0000000780000000,0x0000000786971d18,0x0000000786980000)
 Metaspace       used 78659K, committed 80256K, reserved 1179648K
  class space    used 8331K, committed 9024K, reserved 1048576K
}
Event: 966.351 GC heap after
{Heap after GC invocations=420 (full 5):
 PSYoungGen      total 7168K, used 777K [0x00000007d5580000, 0x00000007d5e00000, 0x0000000800000000)
  eden space 4608K, 0% used [0x00000007d5580000,0x00000007d5580000,0x00000007d5a00000)
  from space 2560K, 30% used [0x00000007d5a00000,0x00000007d5ac26f8,0x00000007d5c80000)
  to   space 1536K, 0% used [0x00000007d5c80000,0x00000007d5c80000,0x00000007d5e00000)
 ParOldGen       total 109568K, used 109513K [0x0000000780000000, 0x0000000786b00000, 0x00000007d5580000)
  object space 109568K, 99% used [0x0000000780000000,0x0000000786af27b0,0x0000000786b00000)
 Metaspace       used 78659K, committed 80256K, reserved 1179648K
  class space    used 8331K, committed 9024K, reserved 1048576K
}
Event: 966.654 GC heap before
{Heap before GC invocations=421 (full 5):
 PSYoungGen      total 7168K, used 5385K [0x00000007d5580000, 0x00000007d5e00000, 0x0000000800000000)
  eden space 4608K, 100% used [0x00000007d5580000,0x00000007d5a00000,0x00000007d5a00000)
  from space 2560K, 30% used [0x00000007d5a00000,0x00000007d5ac26f8,0x00000007d5c80000)
  to   space 1536K, 0% used [0x00000007d5c80000,0x00000007d5c80000,0x00000007d5e00000)
 ParOldGen       total 109568K, used 109513K [0x0000000780000000, 0x0000000786b00000, 0x00000007d5580000)
  object space 109568K, 99% used [0x0000000780000000,0x0000000786af27b0,0x0000000786b00000)
 Metaspace       used 78672K, committed 80256K, reserved 1179648K
  class space    used 8331K, committed 9024K, reserved 1048576K
}
Event: 966.669 GC heap after
{Heap after GC invocations=421 (full 5):
 PSYoungGen      total 6656K, used 800K [0x00000007d5580000, 0x00000007d5d80000, 0x0000000800000000)
  eden space 5632K, 0% used [0x00000007d5580000,0x00000007d5580000,0x00000007d5b00000)
  from space 1024K, 78% used [0x00000007d5c80000,0x00000007d5d48040,0x00000007d5d80000)
  to   space 1024K, 0% used [0x00000007d5b80000,0x00000007d5b80000,0x00000007d5c80000)
 ParOldGen       total 110592K, used 110185K [0x0000000780000000, 0x0000000786c00000, 0x00000007d5580000)
  object space 110592K, 99% used [0x0000000780000000,0x0000000786b9a7c0,0x0000000786c00000)
 Metaspace       used 78672K, committed 80256K, reserved 1179648K
  class space    used 8331K, committed 9024K, reserved 1048576K
}
Event: 966.811 GC heap before
{Heap before GC invocations=422 (full 5):
 PSYoungGen      total 6656K, used 6432K [0x00000007d5580000, 0x00000007d5d80000, 0x0000000800000000)
  eden space 5632K, 100% used [0x00000007d5580000,0x00000007d5b00000,0x00000007d5b00000)
  from space 1024K, 78% used [0x00000007d5c80000,0x00000007d5d48040,0x00000007d5d80000)
  to   space 1024K, 0% used [0x00000007d5b80000,0x00000007d5b80000,0x00000007d5c80000)
 ParOldGen       total 110592K, used 110185K [0x0000000780000000, 0x0000000786c00000, 0x00000007d5580000)
  object space 110592K, 99% used [0x0000000780000000,0x0000000786b9a7c0,0x0000000786c00000)
 Metaspace       used 78677K, committed 80256K, reserved 1179648K
  class space    used 8331K, committed 9024K, reserved 1048576K
}
Event: 966.823 GC heap after
{Heap after GC invocations=422 (full 5):
 PSYoungGen      total 6656K, used 240K [0x00000007d5580000, 0x00000007d5d00000, 0x0000000800000000)
  eden space 5632K, 0% used [0x00000007d5580000,0x00000007d5580000,0x00000007d5b00000)
  from space 1024K, 23% used [0x00000007d5b80000,0x00000007d5bbc010,0x00000007d5c80000)
  to   space 512K, 0% used [0x00000007d5c80000,0x00000007d5c80000,0x00000007d5d00000)
 ParOldGen       total 111104K, used 110659K [0x0000000780000000, 0x0000000786c80000, 0x00000007d5580000)
  object space 111104K, 99% used [0x0000000780000000,0x0000000786c10fb0,0x0000000786c80000)
 Metaspace       used 78677K, committed 80256K, reserved 1179648K
  class space    used 8331K, committed 9024K, reserved 1048576K
}

