# JRE version: OpenJDK Runtime Environment Temurin-21.0.9+10 (21.0.9+10) (build 21.0.9+10-LTS)
# Java VM: OpenJDK 64-Bit Server VM Temurin-21.0.9+10 (21.0.9+10-LTS, mixed mode, sharing, tiered, compressed oops, compressed class ptrs, parallel gc, bsd-amd64)
GC Precious Log:
 CardTable entry size: 512
 CPUs: 4 total, 4 available
 Memory: 8192M
 Large Page Support: Disabled
 NUMA Support: Disabled
 Compressed Oops: Enabled (Zero based)
 Alignments: Space 512K, Generation 512K, Heap 2M
 Heap Min Capacity: 100M
 Heap Initial Capacity: 100M
 Heap Max Capacity: 2G
 Pre-touch: Disabled
 Parallel Workers: 4
Heap:
 PSYoungGen      total 14336K, used 13234K [0x00000007d5580000, 0x00000007d6500000, 0x0000000800000000)
  eden space 13312K, 95% used [0x00000007d5580000,0x00000007d61f4bb8,0x00000007d6280000)
  from space 1024K, 46% used [0x00000007d6300000,0x00000007d6378000,0x00000007d6400000)
  to   space 512K, 0% used [0x00000007d6480000,0x00000007d6480000,0x00000007d6500000)
 ParOldGen       total 539648K, used 346377K [0x0000000780000000, 0x00000007a0f00000, 0x00000007d5580000)
  object space 539648K, 64% used [0x0000000780000000,0x0000000795242680,0x00000007a0f00000)
 Metaspace       used 88326K, committed 89920K, reserved 1179648K
  class space    used 9314K, committed 10048K, reserved 1048576K
GC Heap History (20 events):
Event: 1218.345 GC heap before
{Heap before GC invocations=764 (full 4):
 PSYoungGen      total 17920K, used 16352K [0x00000007d5580000, 0x00000007d6b00000, 0x0000000800000000)
  eden space 12800K, 100% used [0x00000007d5580000,0x00000007d6200000,0x00000007d6200000)
  from space 5120K, 69% used [0x00000007d6200000,0x00000007d6578000,0x00000007d6700000)
  to   space 4096K, 0% used [0x00000007d6700000,0x00000007d6700000,0x00000007d6b00000)
 ParOldGen       total 539648K, used 343663K [0x0000000780000000, 0x00000007a0f00000, 0x00000007d5580000)
  object space 539648K, 63% used [0x0000000780000000,0x0000000794f9bfb0,0x00000007a0f00000)
 Metaspace       used 88308K, committed 89920K, reserved 1179648K
  class space    used 9314K, committed 10048K, reserved 1048576K
}
Event: 1218.349 GC heap after
{Heap after GC invocations=764 (full 4):
 PSYoungGen      total 15872K, used 3040K [0x00000007d5580000, 0x00000007d6a00000, 0x0000000800000000)
  eden space 12800K, 0% used [0x00000007d5580000,0x00000007d5580000,0x00000007d6200000)
  from space 3072K, 98% used [0x00000007d6700000,0x00000007d69f8000,0x00000007d6a00000)
  to   space 3584K, 0% used [0x00000007d6300000,0x00000007d6300000,0x00000007d6680000)
 ParOldGen       total 539648K, used 343735K [0x0000000780000000, 0x00000007a0f00000, 0x00000007d5580000)
  object space 539648K, 63% used [0x0000000780000000,0x0000000794fadfb0,0x00000007a0f00000)
 Metaspace       used 88308K, committed 89920K, reserved 1179648K
  class space    used 9314K, committed 10048K, reserved 1048576K
}
Event: 1218.376 GC heap before
{Heap before GC invocations=765 (full 4):
 PSYoungGen      total 15872K, used 15840K [0x00000007d5580000, 0x00000007d6a00000, 0x0000000800000000)
  eden space 12800K, 100% used [0x00000007d5580000,0x00000007d6200000,0x00000007d6200000)
  from space 3072K, 98% used [0x00000007d6700000,0x00000007d69f8000,0x00000007d6a00000)
  to   space 3584K, 0% used [0x00000007d6300000,0x00000007d6300000,0x00000007d6680000)
 ParOldGen       total 539648K, used 343735K [0x0000000780000000, 0x00000007a0f00000, 0x00000007d5580000)
  object space 539648K, 63% used [0x0000000780000000,0x0000000794fadfb0,0x00000007a0f00000)
 Metaspace       used 88308K, committed 89920K, reserved 1179648K
  class space    used 9314K, committed 10048K, reserved 1048576K
}
Event: 1218.384 GC heap after
{Heap after GC invocations=765 (full 4):
 PSYoungGen      total 14848K, used 1664K [0x00000007d5580000, 0x00000007d6780000, 0x0000000800000000)
  eden space 12800K, 0% used [0x00000007d5580000,0x00000007d5580000,0x00000007d6200000)
  from space 2048K, 81% used [0x00000007d6300000,0x00000007d64a0000,0x00000007d6500000)
  to   space 2560K, 0% used [0x00000007d6500000,0x00000007d6500000,0x00000007d6780000)
 ParOldGen       total 539648K, used 343823K [0x0000000780000000, 0x00000007a0f00000, 0x00000007d5580000)
  object space 539648K, 63% used [0x0000000780000000,0x0000000794fc3fb0,0x00000007a0f00000)
 Metaspace       used 88308K, committed 89920K, reserved 1179648K
  class space    used 9314K, committed 10048K, reserved 1048576K
}
Event: 1218.420 GC heap before
{Heap before GC invocations=766 (full 4):
 PSYoungGen      total 14848K, used 14464K [0x00000007d5580000, 0x00000007d6780000, 0x0000000800000000)
  eden space 12800K, 100% used [0x00000007d5580000,0x00000007d6200000,0x00000007d6200000)
  from space 2048K, 81% used [0x00000007d6300000,0x00000007d64a0000,0x00000007d6500000)
  to   space 2560K, 0% used [0x00000007d6500000,0x00000007d6500000,0x00000007d6780000)
 ParOldGen       total 539648K, used 343823K [0x0000000780000000, 0x00000007a0f00000, 0x00000007d5580000)
  object space 539648K, 63% used [0x0000000780000000,0x0000000794fc3fb0,0x00000007a0f00000)
 Metaspace       used 88312K, committed 89920K, reserved 1179648K
  class space    used 9314K, committed 10048K, reserved 1048576K
}
Event: 1218.433 GC heap after
{Heap after GC invocations=766 (full 4):
 PSYoungGen      total 16384K, used 288K [0x00000007d5580000, 0x00000007d6680000, 0x0000000800000000)
  eden space 14848K, 0% used [0x00000007d5580000,0x00000007d5580000,0x00000007d6400000)
  from space 1536K, 18% used [0x00000007d6500000,0x00000007d6548000,0x00000007d6680000)
  to   space 1024K, 0% used [0x00000007d6400000,0x00000007d6400000,0x00000007d6500000)
 ParOldGen       total 539648K, used 343855K [0x0000000780000000, 0x00000007a0f00000, 0x00000007d5580000)
  object space 539648K, 63% used [0x0000000780000000,0x0000000794fcbfb0,0x00000007a0f00000)
 Metaspace       used 88312K, committed 89920K, reserved 1179648K
  class space    used 9314K, committed 10048K, reserved 1048576K
}
Event: 1218.494 GC heap before
{Heap before GC invocations=767 (full 4):
 PSYoungGen      total 16384K, used 15136K [0x00000007d5580000, 0x00000007d6680000, 0x0000000800000000)
  eden space 14848K, 100% used [0x00000007d5580000,0x00000007d6400000,0x00000007d6400000)
  from space 1536K, 18% used [0x00000007d6500000,0x00000007d6548000,0x00000007d6680000)
  to   space 1024K, 0% used [0x00000007d6400000,0x00000007d6400000,0x00000007d6500000)
 ParOldGen       total 539648K, used 343855K [0x0000000780000000, 0x00000007a0f00000, 0x00000007d5580000)
  object space 539648K, 63% used [0x0000000780000000,0x0000000794fcbfb0,0x00000007a0f00000)
 Metaspace       used 88319K, committed 89920K, reserved 1179648K
  class space    used 9314K, committed 10048K, reserved 1048576K
}
Event: 1218.500 GC heap after
{Heap after GC invocations=767 (full 4):
 PSYoungGen      total 15872K, used 1024K [0x00000007d5580000, 0x00000007d6700000, 0x0000000800000000)
  eden space 14848K, 0% used [0x00000007d5580000,0x00000007d5580000,0x00000007d6400000)
  from space 1024K, 100% used [0x00000007d6400000,0x00000007d6500000,0x00000007d6500000)
  to   space 1536K, 0% used [0x00000007d6580000,0x00000007d6580000,0x00000007d6700000)
 ParOldGen       total 539648K, used 344124K [0x0000000780000000, 0x00000007a0f00000, 0x00000007d5580000)
  object space 539648K, 63% used [0x0000000780000000,0x000000079500f318,0x00000007a0f00000)
 Metaspace       used 88319K, committed 89920K, reserved 1179648K
  class space    used 9314K, committed 10048K, reserved 1048576K
}
Event: 1218.532 GC heap before
{Heap before GC invocations=768 (full 4):
 PSYoungGen      total 15872K, used 15872K [0x00000007d5580000, 0x00000007d6700000, 0x0000000800000000)
  eden space 14848K, 100% used [0x00000007d5580000,0x00000007d6400000,0x00000007d6400000)
  from space 1024K, 100% used [0x00000007d6400000,0x00000007d6500000,0x00000007d6500000)
  to   space 1536K, 0% used [0x00000007d6580000,0x00000007d6580000,0x00000007d6700000)
 ParOldGen       total 539648K, used 344124K [0x0000000780000000, 0x00000007a0f00000, 0x00000007d5580000)
  object space 539648K, 63% used [0x0000000780000000,0x000000079500f318,0x00000007a0f00000)
 Metaspace       used 88319K, committed 89920K, reserved 1179648K
  class space    used 9314K, committed 10048K, reserved 1048576K
}
Event: 1218.543 GC heap after
{Heap after GC invocations=768 (full 4):
 PSYoungGen      total 16384K, used 1376K [0x00000007d5580000, 0x00000007d6700000, 0x0000000800000000)
  eden space 14848K, 0% used [0x00000007d5580000,0x00000007d5580000,0x00000007d6400000)
  from space 1536K, 89% used [0x00000007d6580000,0x00000007d66d8000,0x00000007d6700000)
  to   space 1536K, 0% used [0x00000007d6400000,0x00000007d6400000,0x00000007d6580000)
 ParOldGen       total 539648K, used 344156K [0x0000000780000000, 0x00000007a0f00000, 0x00000007d5580000)
  object space 539648K, 63% used [0x0000000780000000,0x0000000795017318,0x00000007a0f00000)
 Metaspace       used 88319K, committed 89920K, reserved 1179648K
  class space    used 9314K, committed 10048K, reserved 1048576K
}
Event: 1218.581 GC heap before
{Heap before GC invocations=769 (full 4):
 PSYoungGen      total 16384K, used 16224K [0x00000007d5580000, 0x00000007d6700000, 0x0000000800000000)
  eden space 14848K, 100% used [0x00000007d5580000,0x00000007d6400000,0x00000007d6400000)
  from space 1536K, 89% used [0x00000007d6580000,0x00000007d66d8000,0x00000007d6700000)
  to   space 1536K, 0% used [0x00000007d6400000,0x00000007d6400000,0x00000007d6580000)
 ParOldGen       total 539648K, used 344156K [0x0000000780000000, 0x00000007a0f00000, 0x00000007d5580000)
  object space 539648K, 63% used [0x0000000780000000,0x0000000795017318,0x00000007a0f00000)
 Metaspace       used 88319K, committed 89920K, reserved 1179648K
  class space    used 9314K, committed 10048K, reserved 1048576K
}
Event: 1218.586 GC heap after
{Heap after GC invocations=769 (full 4):
 PSYoungGen      total 15360K, used 288K [0x00000007d5580000, 0x00000007d6600000, 0x0000000800000000)
  eden space 14848K, 0% used [0x00000007d5580000,0x00000007d5580000,0x00000007d6400000)
  from space 512K, 56% used [0x00000007d6400000,0x00000007d6448000,0x00000007d6480000)
  to   space 1024K, 0% used [0x00000007d6500000,0x00000007d6500000,0x00000007d6600000)
 ParOldGen       total 539648K, used 344428K [0x0000000780000000, 0x00000007a0f00000, 0x00000007d5580000)
  object space 539648K, 63% used [0x0000000780000000,0x000000079505b318,0x00000007a0f00000)
 Metaspace       used 88319K, committed 89920K, reserved 1179648K
  class space    used 9314K, committed 10048K, reserved 1048576K
}
Event: 1218.633 GC heap before
{Heap before GC invocations=770 (full 4):
 PSYoungGen      total 15360K, used 15136K [0x00000007d5580000, 0x00000007d6600000, 0x0000000800000000)
  eden space 14848K, 100% used [0x00000007d5580000,0x00000007d6400000,0x00000007d6400000)
  from space 512K, 56% used [0x00000007d6400000,0x00000007d6448000,0x00000007d6480000)
  to   space 1024K, 0% used [0x00000007d6500000,0x00000007d6500000,0x00000007d6600000)
 ParOldGen       total 539648K, used 344428K [0x0000000780000000, 0x00000007a0f00000, 0x00000007d5580000)
  object space 539648K, 63% used [0x0000000780000000,0x000000079505b318,0x00000007a0f00000)
 Metaspace       used 88323K, committed 89920K, reserved 1179648K
  class space    used 9314K, committed 10048K, reserved 1048576K
}
Event: 1218.645 GC heap after
{Heap after GC invocations=770 (full 4):
 PSYoungGen      total 14336K, used 1024K [0x00000007d5580000, 0x00000007d6900000, 0x0000000800000000)
  eden space 13312K, 0% used [0x00000007d5580000,0x00000007d5580000,0x00000007d6280000)
  from space 1024K, 100% used [0x00000007d6500000,0x00000007d6600000,0x00000007d6600000)
  to   space 2560K, 0% used [0x00000007d6280000,0x00000007d6280000,0x00000007d6500000)
 ParOldGen       total 539648K, used 345497K [0x0000000780000000, 0x00000007a0f00000, 0x00000007d5580000)
  object space 539648K, 64% used [0x0000000780000000,0x0000000795166680,0x00000007a0f00000)
 Metaspace       used 88323K, committed 89920K, reserved 1179648K
  class space    used 9314K, committed 10048K, reserved 1048576K
}
Event: 1218.684 GC heap before
{Heap before GC invocations=771 (full 4):
 PSYoungGen      total 14336K, used 14336K [0x00000007d5580000, 0x00000007d6900000, 0x0000000800000000)
  eden space 13312K, 100% used [0x00000007d5580000,0x00000007d6280000,0x00000007d6280000)
  from space 1024K, 100% used [0x00000007d6500000,0x00000007d6600000,0x00000007d6600000)
  to   space 2560K, 0% used [0x00000007d6280000,0x00000007d6280000,0x00000007d6500000)
 ParOldGen       total 539648K, used 345497K [0x0000000780000000, 0x00000007a0f00000, 0x00000007d5580000)
  object space 539648K, 64% used [0x0000000780000000,0x0000000795166680,0x00000007a0f00000)
 Metaspace       used 88323K, committed 89920K, reserved 1179648K
  class space    used 9314K, committed 10048K, reserved 1048576K
}
Event: 1218.688 GC heap after
{Heap after GC invocations=771 (full 4):
 PSYoungGen      total 13824K, used 352K [0x00000007d5580000, 0x00000007d6580000, 0x0000000800000000)
  eden space 13312K, 0% used [0x00000007d5580000,0x00000007d5580000,0x00000007d6280000)
  from space 512K, 68% used [0x00000007d6280000,0x00000007d62d8000,0x00000007d6300000)
  to   space 1024K, 0% used [0x00000007d6480000,0x00000007d6480000,0x00000007d6580000)
 ParOldGen       total 539648K, used 345945K [0x0000000780000000, 0x00000007a0f00000, 0x00000007d5580000)
  object space 539648K, 64% used [0x0000000780000000,0x00000007951d6680,0x00000007a0f00000)
 Metaspace       used 88323K, committed 89920K, reserved 1179648K
  class space    used 9314K, committed 10048K, reserved 1048576K
}
Event: 1218.747 GC heap before
{Heap before GC invocations=772 (full 4):
 PSYoungGen      total 13824K, used 13664K [0x00000007d5580000, 0x00000007d6580000, 0x0000000800000000)
  eden space 13312K, 100% used [0x00000007d5580000,0x00000007d6280000,0x00000007d6280000)
  from space 512K, 68% used [0x00000007d6280000,0x00000007d62d8000,0x00000007d6300000)
  to   space 1024K, 0% used [0x00000007d6480000,0x00000007d6480000,0x00000007d6580000)
 ParOldGen       total 539648K, used 345945K [0x0000000780000000, 0x00000007a0f00000, 0x00000007d5580000)
  object space 539648K, 64% used [0x0000000780000000,0x00000007951d6680,0x00000007a0f00000)
 Metaspace       used 88324K, committed 89920K, reserved 1179648K
  class space    used 9314K, committed 10048K, reserved 1048576K
}
Event: 1218.751 GC heap after
{Heap after GC invocations=772 (full 4):
 PSYoungGen      total 13824K, used 480K [0x00000007d5580000, 0x00000007d6500000, 0x0000000800000000)
  eden space 13312K, 0% used [0x00000007d5580000,0x00000007d5580000,0x00000007d6280000)
  from space 512K, 93% used [0x00000007d6480000,0x00000007d64f8000,0x00000007d6500000)
  to   space 1024K, 0% used [0x00000007d6300000,0x00000007d6300000,0x00000007d6400000)
 ParOldGen       total 539648K, used 346089K [0x0000000780000000, 0x00000007a0f00000, 0x00000007d5580000)
  object space 539648K, 64% used [0x0000000780000000,0x00000007951fa680,0x00000007a0f00000)
 Metaspace       used 88324K, committed 89920K, reserved 1179648K
  class space    used 9314K, committed 10048K, reserved 1048576K
}
Event: 1218.802 GC heap before
{Heap before GC invocations=773 (full 4):
 PSYoungGen      total 13824K, used 13792K [0x00000007d5580000, 0x00000007d6500000, 0x0000000800000000)
  eden space 13312K, 100% used [0x00000007d5580000,0x00000007d6280000,0x00000007d6280000)
  from space 512K, 93% used [0x00000007d6480000,0x00000007d64f8000,0x00000007d6500000)
  to   space 1024K, 0% used [0x00000007d6300000,0x00000007d6300000,0x00000007d6400000)
 ParOldGen       total 539648K, used 346089K [0x0000000780000000, 0x00000007a0f00000, 0x00000007d5580000)
  object space 539648K, 64% used [0x0000000780000000,0x00000007951fa680,0x00000007a0f00000)
 Metaspace       used 88325K, committed 89920K, reserved 1179648K
  class space    used 9314K, committed 10048K, reserved 1048576K
}
Event: 1218.806 GC heap after
{Heap after GC invocations=773 (full 4):
 PSYoungGen      total 14336K, used 480K [0x00000007d5580000, 0x00000007d6500000, 0x0000000800000000)
  eden space 13312K, 0% used [0x00000007d5580000,0x00000007d5580000,0x00000007d6280000)
  from space 1024K, 46% used [0x00000007d6300000,0x00000007d6378000,0x00000007d6400000)
  to   space 512K, 0% used [0x00000007d6480000,0x00000007d6480000,0x00000007d6500000)
 ParOldGen       total 539648K, used 346377K [0x0000000780000000, 0x00000007a0f00000, 0x00000007d5580000)
  object space 539648K, 64% used [0x0000000780000000,0x0000000795242680,0x00000007a0f00000)
 Metaspace       used 88325K, committed 89920K, reserved 1179648K
  class space    used 9314K, committed 10048K, reserved 1048576K
}

